<?xml version="1.0" encoding="UTF-8"?>
<!-- Generated by org.testng.reporters.JUnitXMLReporter -->
<testsuite ignored="0" hostname="VIJAY" failures="0" tests="3" name="starhealth001" time="41.95" errors="0" timestamp="2023-10-24T15:35:56 IST">
  <testcase classname="project.StarHealthPage" name="Validate_title" time="0.123"/>
  <testcase classname="project.StarHealthPage" name="Test_Header_plan" time="28.72"/>
  <testcase classname="project.StarHealthPage" name="Clickontwitter" time="4.349"/>
</testsuite> <!-- starhealth001 -->
