<?xml version="1.0" encoding="UTF-8"?>
<testng-results ignored="0" total="4" passed="4" failed="0" skipped="0">
  <reporter-output>
  </reporter-output>
  <suite started-at="2023-10-24T15:35:14 IST" name="testsuite2" finished-at="2023-10-24T15:35:56 IST" duration-ms="41950">
    <groups>
    </groups>
    <test started-at="2023-10-24T15:35:14 IST" name="starhealth002" finished-at="2023-10-24T15:35:26 IST" duration-ms="11510">
      <class name="project.StarHealth002">
        <test-method is-config="true" signature="openBrowser()[pri:0, instance:project.StarHealth002@303cf2ba]" started-at="2023-10-24T15:35:14 IST" name="openBrowser" finished-at="2023-10-24T15:35:24 IST" duration-ms="9171" status="PASS">
          <reporter-output>
          </reporter-output>
        </test-method> <!-- openBrowser -->
        <test-method signature="print_link()[pri:4, instance:project.StarHealth002@303cf2ba]" started-at="2023-10-24T15:35:24 IST" name="print_link" finished-at="2023-10-24T15:35:25 IST" duration-ms="1296" status="PASS">
          <reporter-output>
          </reporter-output>
        </test-method> <!-- print_link -->
        <test-method is-config="true" signature="teardown()[pri:0, instance:project.StarHealth002@303cf2ba]" started-at="2023-10-24T15:35:25 IST" name="teardown" finished-at="2023-10-24T15:35:26 IST" duration-ms="1002" status="PASS">
          <reporter-output>
          </reporter-output>
        </test-method> <!-- teardown -->
      </class> <!-- project.StarHealth002 -->
    </test> <!-- starhealth002 -->
    <test started-at="2023-10-24T15:35:14 IST" name="starhealth001" finished-at="2023-10-24T15:35:56 IST" duration-ms="41950">
      <class name="project.StarHealthPage">
        <test-method is-config="true" signature="openBrowser()[pri:0, instance:project.StarHealthPage@17f9d882]" started-at="2023-10-24T15:35:14 IST" name="openBrowser" finished-at="2023-10-24T15:35:23 IST" duration-ms="8422" status="PASS">
          <reporter-output>
          </reporter-output>
        </test-method> <!-- openBrowser -->
        <test-method signature="Validate_title()[pri:49, instance:project.StarHealthPage@17f9d882]" started-at="2023-10-24T15:35:23 IST" name="Validate_title" finished-at="2023-10-24T15:35:23 IST" duration-ms="123" status="PASS">
          <reporter-output>
          </reporter-output>
        </test-method> <!-- Validate_title -->
        <test-method signature="Test_Header_plan(java.lang.String,java.lang.String,java.lang.String)[pri:50, instance:project.StarHealthPage@17f9d882]" started-at="2023-10-24T15:35:23 IST" name="Test_Header_plan" finished-at="2023-10-24T15:35:52 IST" duration-ms="28720" status="PASS">
          <params>
            <param index="0">
              <value>
                <![CDATA[admin]]>
              </value>
            </param>
            <param index="1">
              <value>
                <![CDATA[535354646]]>
              </value>
            </param>
            <param index="2">
              <value>
                <![CDATA[admin2123@gmail.com]]>
              </value>
            </param>
          </params>
          <reporter-output>
          </reporter-output>
        </test-method> <!-- Test_Header_plan -->
        <test-method signature="Clickontwitter()[pri:51, instance:project.StarHealthPage@17f9d882]" started-at="2023-10-24T15:35:52 IST" name="Clickontwitter" finished-at="2023-10-24T15:35:56 IST" duration-ms="4349" status="PASS">
          <reporter-output>
          </reporter-output>
        </test-method> <!-- Clickontwitter -->
        <test-method is-config="true" signature="teardown()[pri:0, instance:project.StarHealthPage@17f9d882]" started-at="2023-10-24T15:35:56 IST" name="teardown" finished-at="2023-10-24T15:35:56 IST" duration-ms="248" status="PASS">
          <reporter-output>
          </reporter-output>
        </test-method> <!-- teardown -->
      </class> <!-- project.StarHealthPage -->
    </test> <!-- starhealth001 -->
  </suite> <!-- testsuite2 -->
</testng-results>
